#
# There is insufficient memory for the Java Runtime Environment to continue.
# Native memory allocation (malloc) failed to allocate 32744 bytes for ChunkPool::allocate
# Possible reasons:
#   The system is out of physical RAM or swap space
#   The process is running with CompressedOops enabled, and the Java Heap may be blocking the growth of the native heap
# Possible solutions:
#   Reduce memory load on the system
#   Increase physical memory or swap space
#   Check if swap backing store is full
#   Decrease Java heap size (-Xmx/-Xms)
#   Decrease number of Java threads
#   Decrease Java thread stack sizes (-Xss)
#   Set larger code cache with -XX:ReservedCodeCacheSize=
#   JVM is running with Unscaled Compressed Oops mode in which the Java heap is
#     placed in the first 4GB address space. The Java Heap base address is the
#     maximum limit for the native heap growth. Please use -XX:HeapBaseMinAddress
#     to set the Java Heap base and to place the Java Heap above 4GB virtual address.
# This output file may be truncated or incomplete.
#
#  Out of Memory Error (allocation.cpp:272), pid=13692, tid=0x0000000000000818
#
# JRE version: OpenJDK Runtime Environment (8.0_242-b01) (build 1.8.0_242-release-1644-b01)
# Java VM: OpenJDK 64-Bit Server VM (25.242-b01 mixed mode windows-amd64 compressed oops)
# Failed to write core dump. Minidumps are not enabled by default on client versions of Windows
#

---------------  T H R E A D  ---------------

Current thread (0x0000000017bc4000):  JavaThread "C2 CompilerThread0" daemon [_thread_in_native, id=2072, stack(0x0000000019220000,0x0000000019320000)]

Stack: [0x0000000019220000,0x0000000019320000]
[error occurred during error reporting (printing stack bounds), id 0xc0000005]

Native frames: (J=compiled Java code, j=interpreted, Vv=VM code, C=native code)


Current CompileTask:
C2:   7172 1499   !   4       java.net.URLClassLoader$1::run (63 bytes)


---------------  P R O C E S S  ---------------

Java Threads: ( => current thread )
  0x000000001a9ab000 JavaThread "Cache worker for file hash cache (C:\Users\chico\.gradle\caches\6.1.1\fileHashes)" [_thread_blocked, id=2852, stack(0x000000001d9a0000,0x000000001daa0000)]
  0x000000001a9ac800 JavaThread "File lock request listener" [_thread_in_native, id=4264, stack(0x000000001d8a0000,0x000000001d9a0000)]
  0x000000001a9ae000 JavaThread "Cache worker for journal cache (C:\Users\chico\.gradle\caches\journal-1)" [_thread_blocked, id=9988, stack(0x000000001d7a0000,0x000000001d8a0000)]
  0x000000001b70d000 JavaThread "Thread-9" [_thread_blocked, id=6776, stack(0x000000001d4a0000,0x000000001d5a0000)]
  0x00000000195ca800 JavaThread "Stdin handler" [_thread_blocked, id=12780, stack(0x000000001d3a0000,0x000000001d4a0000)]
  0x0000000019d95000 JavaThread "Asynchronous log dispatcher for DefaultDaemonConnection: socket connection from /127.0.0.1:49984 to /127.0.0.1:49985" [_thread_blocked, id=16280, stack(0x000000001d2a0000,0x000000001d3a0000)]
  0x0000000019d98800 JavaThread "Daemon worker" [_thread_in_vm, id=10940, stack(0x000000001d1a0000,0x000000001d2a0000)]
  0x00000000195d8800 JavaThread "Cancel handler" [_thread_blocked, id=5964, stack(0x000000001d0a0000,0x000000001d1a0000)]
  0x000000001b702000 JavaThread "Handler for socket connection from /127.0.0.1:49984 to /127.0.0.1:49985" [_thread_in_native, id=16724, stack(0x000000001cda0000,0x000000001cea0000)]
  0x000000001b6ff000 JavaThread "Daemon periodic checks" [_thread_blocked, id=10444, stack(0x000000001cca0000,0x000000001cda0000)]
  0x000000001b6c6000 JavaThread "Daemon" [_thread_blocked, id=9016, stack(0x000000001cba0000,0x000000001cca0000)]
  0x000000001b660000 JavaThread "Incoming local TCP Connector on port 49984" [_thread_in_native, id=13360, stack(0x0000000019c20000,0x0000000019d20000)]
  0x000000001b586000 JavaThread "Daemon health stats" [_thread_blocked, id=3544, stack(0x0000000019b20000,0x0000000019c20000)]
  0x0000000019541000 JavaThread "Service Thread" daemon [_thread_blocked, id=5644, stack(0x0000000019920000,0x0000000019a20000)]
  0x0000000017c1a000 JavaThread "C1 CompilerThread2" daemon [_thread_blocked, id=14400, stack(0x0000000019420000,0x0000000019520000)]
  0x0000000017bc8000 JavaThread "C2 CompilerThread1" daemon [_thread_in_native, id=12500, stack(0x0000000019320000,0x0000000019420000)]
=>0x0000000017bc4000 JavaThread "C2 CompilerThread0" daemon [_thread_in_native, id=2072, stack(0x0000000019220000,0x0000000019320000)]
  0x0000000017bc2800 JavaThread "Attach Listener" daemon [_thread_blocked, id=14800, stack(0x0000000019120000,0x0000000019220000)]
  0x0000000002ebe800 JavaThread "Signal Dispatcher" daemon [_thread_blocked, id=4696, stack(0x0000000019020000,0x0000000019120000)]
  0x0000000002eb5800 JavaThread "Finalizer" daemon [_thread_blocked, id=1976, stack(0x0000000018e20000,0x0000000018f20000)]
  0x0000000017ba9000 JavaThread "Reference Handler" daemon [_thread_blocked, id=8688, stack(0x0000000018d20000,0x0000000018e20000)]
  0x0000000002dc2800 JavaThread "main" [_thread_blocked, id=6988, stack(0x0000000001500000,0x0000000001600000)]

Other Threads:
  0x0000000017b88000 VMThread [stack: 0x0000000018c20000,0x0000000018d20000] [id=16024]
  0x0000000019541800 WatcherThread [stack: 0x0000000019a20000,0x0000000019b20000] [id=2404]

VM state:not at safepoint (normal execution)

VM Mutex/Monitor currently owned by a thread: None

heap address: 0x0000000080000000, size: 2048 MB, Compressed Oops mode: 32-bit
Narrow klass base: 0x0000000000000000, Narrow klass shift: 3
Compressed class space size: 1073741824 Address: 0x0000000100000000

Heap:
 PSYoungGen      total 56832K, used 12618K [0x00000000d5580000, 0x00000000dc480000, 0x0000000100000000)
  eden space 49152K, 10% used [0x00000000d5580000,0x00000000d5a52f08,0x00000000d8580000)
  from space 7680K, 99% used [0x00000000d8580000,0x00000000d8cffbf0,0x00000000d8d00000)
  to   space 7680K, 0% used [0x00000000dbd00000,0x00000000dbd00000,0x00000000dc480000)
 ParOldGen       total 130048K, used 943K [0x0000000080000000, 0x0000000087f00000, 0x00000000d5580000)
  object space 130048K, 0% used [0x0000000080000000,0x00000000800ebd40,0x0000000087f00000)
 Metaspace       used 16253K, capacity 16830K, committed 17024K, reserved 1064960K
  class space    used 2196K, capacity 2389K, committed 2432K, reserved 1048576K

Card table byte_map: [0x0000000012360000,0x0000000012770000] byte_map_base: 0x0000000011f60000

Marking Bits: (ParMarkBitMap*) 0x000000006c1af030
 Begin Bits: [0x0000000012e20000, 0x0000000014e20000)
 End Bits:   [0x0000000014e20000, 0x0000000016e20000)

Polling page: 0x00000000014e0000

CodeCache: size=245760Kb used=5554Kb max_used=5554Kb free=240205Kb
 bounds [0x0000000002fa0000, 0x0000000003510000, 0x0000000011fa0000]
 total_blobs=1934 nmethods=1539 adapters=308
 compilation: enabled

Compilation events (10 events):
Event: 7.039 Thread 0x0000000017c1a000 1538       1       java.util.Collections$EmptyList::isEmpty (2 bytes)
Event: 7.040 Thread 0x0000000017c1a000 nmethod 1538 0x0000000003508310 code [0x0000000003508460, 0x0000000003508570]
Event: 7.040 Thread 0x0000000017c1a000 1539       3       org.gradle.internal.service.DefaultServiceRegistry$OwnServices::getService (309 bytes)
Event: 7.042 Thread 0x0000000017c1a000 nmethod 1539 0x00000000035085d0 code [0x0000000003508ac0, 0x000000000350ba58]
Event: 7.049 Thread 0x0000000017c1a000 1540       3       org.gradle.internal.service.DefaultServiceRegistry$SingletonService::getService (18 bytes)
Event: 7.049 Thread 0x0000000017c1a000 nmethod 1540 0x000000000350d410 code [0x000000000350d5a0, 0x000000000350d818]
Event: 7.049 Thread 0x0000000017c1a000 1541       3       org.gradle.internal.service.DefaultServiceRegistry::access$1200 (6 bytes)
Event: 7.049 Thread 0x0000000017c1a000 nmethod 1541 0x000000000350d910 code [0x000000000350da80, 0x000000000350dbe8]
Event: 7.091 Thread 0x0000000017c1a000 1542       3       java.lang.Throwable::<init> (39 bytes)
Event: 7.091 Thread 0x0000000017c1a000 nmethod 1542 0x000000000350dc90 code [0x000000000350de00, 0x000000000350e108]

GC Heap History (6 events):
Event: 3.302 GC heap before
{Heap before GC invocations=1 (full 0):
 PSYoungGen      total 56832K, used 49152K [0x00000000d5580000, 0x00000000d9480000, 0x0000000100000000)
  eden space 49152K, 100% used [0x00000000d5580000,0x00000000d8580000,0x00000000d8580000)
  from space 7680K, 0% used [0x00000000d8d00000,0x00000000d8d00000,0x00000000d9480000)
  to   space 7680K, 0% used [0x00000000d8580000,0x00000000d8580000,0x00000000d8d00000)
 ParOldGen       total 130048K, used 0K [0x0000000080000000, 0x0000000087f00000, 0x00000000d5580000)
  object space 130048K, 0% used [0x0000000080000000,0x0000000080000000,0x0000000087f00000)
 Metaspace       used 7229K, capacity 7440K, committed 7680K, reserved 1056768K
  class space    used 883K, capacity 968K, committed 1024K, reserved 1048576K
Event: 3.313 GC heap after
Heap after GC invocations=1 (full 0):
 PSYoungGen      total 56832K, used 4630K [0x00000000d5580000, 0x00000000d9480000, 0x0000000100000000)
  eden space 49152K, 0% used [0x00000000d5580000,0x00000000d5580000,0x00000000d8580000)
  from space 7680K, 60% used [0x00000000d8580000,0x00000000d8a05aa0,0x00000000d8d00000)
  to   space 7680K, 0% used [0x00000000d8d00000,0x00000000d8d00000,0x00000000d9480000)
 ParOldGen       total 130048K, used 8K [0x0000000080000000, 0x0000000087f00000, 0x00000000d5580000)
  object space 130048K, 0% used [0x0000000080000000,0x0000000080002000,0x0000000087f00000)
 Metaspace       used 7229K, capacity 7440K, committed 7680K, reserved 1056768K
  class space    used 883K, capacity 968K, committed 1024K, reserved 1048576K
}
Event: 5.452 GC heap before
{Heap before GC invocations=2 (full 0):
 PSYoungGen      total 56832K, used 53782K [0x00000000d5580000, 0x00000000d9480000, 0x0000000100000000)
  eden space 49152K, 100% used [0x00000000d5580000,0x00000000d8580000,0x00000000d8580000)
  from space 7680K, 60% used [0x00000000d8580000,0x00000000d8a05aa0,0x00000000d8d00000)
  to   space 7680K, 0% used [0x00000000d8d00000,0x00000000d8d00000,0x00000000d9480000)
 ParOldGen       total 130048K, used 8K [0x0000000080000000, 0x0000000087f00000, 0x00000000d5580000)
  object space 130048K, 0% used [0x0000000080000000,0x0000000080002000,0x0000000087f00000)
 Metaspace       used 11831K, capacity 12130K, committed 12288K, reserved 1060864K
  class space    used 1567K, capacity 1687K, committed 1792K, reserved 1048576K
Event: 5.479 GC heap after
Heap after GC invocations=2 (full 0):
 PSYoungGen      total 56832K, used 6385K [0x00000000d5580000, 0x00000000d9480000, 0x0000000100000000)
  eden space 49152K, 0% used [0x00000000d5580000,0x00000000d5580000,0x00000000d8580000)
  from space 7680K, 83% used [0x00000000d8d00000,0x00000000d933c568,0x00000000d9480000)
  to   space 7680K, 0% used [0x00000000d8580000,0x00000000d8580000,0x00000000d8d00000)
 ParOldGen       total 130048K, used 16K [0x0000000080000000, 0x0000000087f00000, 0x00000000d5580000)
  object space 130048K, 0% used [0x0000000080000000,0x0000000080004000,0x0000000087f00000)
 Metaspace       used 11831K, capacity 12130K, committed 12288K, reserved 1060864K
  class space    used 1567K, capacity 1687K, committed 1792K, reserved 1048576K
}
Event: 6.940 GC heap before
{Heap before GC invocations=3 (full 0):
 PSYoungGen      total 56832K, used 55537K [0x00000000d5580000, 0x00000000d9480000, 0x0000000100000000)
  eden space 49152K, 100% used [0x00000000d5580000,0x00000000d8580000,0x00000000d8580000)
  from space 7680K, 83% used [0x00000000d8d00000,0x00000000d933c568,0x00000000d9480000)
  to   space 7680K, 0% used [0x00000000d8580000,0x00000000d8580000,0x00000000d8d00000)
 ParOldGen       total 130048K, used 16K [0x0000000080000000, 0x0000000087f00000, 0x00000000d5580000)
  object space 130048K, 0% used [0x0000000080000000,0x0000000080004000,0x0000000087f00000)
 Metaspace       used 15734K, capacity 16178K, committed 16512K, reserved 1062912K
  class space    used 2128K, capacity 2317K, committed 2432K, reserved 1048576K
Event: 7.009 GC heap after
Heap after GC invocations=3 (full 0):
 PSYoungGen      total 56832K, used 7678K [0x00000000d5580000, 0x00000000dc480000, 0x0000000100000000)
  eden space 49152K, 0% used [0x00000000d5580000,0x00000000d5580000,0x00000000d8580000)
  from space 7680K, 99% used [0x00000000d8580000,0x00000000d8cffbf0,0x00000000d8d00000)
  to   space 7680K, 0% used [0x00000000dbd00000,0x00000000dbd00000,0x00000000dc480000)
 ParOldGen       total 130048K, used 943K [0x0000000080000000, 0x0000000087f00000, 0x00000000d5580000)
  object space 130048K, 0% used [0x0000000080000000,0x00000000800ebd40,0x0000000087f00000)
 Metaspace       used 15734K, capacity 16178K, committed 16512K, reserved 1062912K
  class space    used 2128K, capacity 2317K, committed 2432K, reserved 1048576K
}

Deoptimization events (10 events):
Event: 5.438 Thread 0x000000001b702000 Uncommon trap: reason=unstable_if action=reinterpret pc=0x00000000032dd60c method=java.lang.String.substring(I)Ljava/lang/String; @ 35
Event: 5.627 Thread 0x0000000019d98800 Uncommon trap: reason=bimorphic action=maybe_recompile pc=0x00000000032912f8 method=java.util.HashMap.putVal(ILjava/lang/Object;Ljava/lang/Object;ZZ)Ljava/lang/Object; @ 253
Event: 5.628 Thread 0x0000000019d98800 Uncommon trap: reason=bimorphic action=maybe_recompile pc=0x00000000032912f8 method=java.util.HashMap.putVal(ILjava/lang/Object;Ljava/lang/Object;ZZ)Ljava/lang/Object; @ 253
Event: 5.628 Thread 0x0000000019d98800 Uncommon trap: reason=bimorphic action=maybe_recompile pc=0x00000000032912f8 method=java.util.HashMap.putVal(ILjava/lang/Object;Ljava/lang/Object;ZZ)Ljava/lang/Object; @ 253
Event: 5.628 Thread 0x0000000019d98800 Uncommon trap: reason=bimorphic action=maybe_recompile pc=0x000000000328c5a8 method=java.util.HashMap.putVal(ILjava/lang/Object;Ljava/lang/Object;ZZ)Ljava/lang/Object; @ 253
Event: 6.368 Thread 0x0000000019d98800 Uncommon trap: reason=class_check action=maybe_recompile pc=0x00000000032e9a58 method=java.util.regex.Matcher.match(II)Z @ 86
Event: 6.413 Thread 0x0000000019d98800 Uncommon trap: reason=class_check action=maybe_recompile pc=0x00000000032e9a58 method=java.util.regex.Matcher.match(II)Z @ 86
Event: 6.414 Thread 0x0000000019d98800 Uncommon trap: reason=class_check action=maybe_recompile pc=0x00000000032e9a58 method=java.util.regex.Matcher.match(II)Z @ 86
Event: 6.414 Thread 0x0000000019d98800 Uncommon trap: reason=class_check action=maybe_recompile pc=0x0000000003168f4c method=java.util.regex.Matcher.match(II)Z @ 86
Event: 7.070 Thread 0x0000000019d98800 Uncommon trap: reason=unstable_if action=reinterpret pc=0x00000000032e6814 method=java.io.File.getName()Ljava/lang/String; @ 16

Classes redefined (0 events):
No events

Internal exceptions (10 events):
Event: 5.390 Thread 0x000000001b702000 Exception <a 'java/lang/NoSuchMethodError': <clinit>> (0x00000000d84df768) thrown at [C:\src\AOSP-openjdk-git\hotspot\src\share\vm\prims\jni.cpp, line 1615]
Event: 5.402 Thread 0x000000001b702000 Exception <a 'java/lang/NoSuchMethodError': <clinit>> (0x00000000d84f21a0) thrown at [C:\src\AOSP-openjdk-git\hotspot\src\share\vm\prims\jni.cpp, line 1615]
Event: 5.408 Thread 0x000000001b702000 Exception <a 'java/lang/NoSuchMethodError': <clinit>> (0x00000000d8518ee8) thrown at [C:\src\AOSP-openjdk-git\hotspot\src\share\vm\prims\jni.cpp, line 1615]
Event: 5.415 Thread 0x000000001b702000 Exception <a 'java/lang/NoSuchMethodError': <clinit>> (0x00000000d8530b00) thrown at [C:\src\AOSP-openjdk-git\hotspot\src\share\vm\prims\jni.cpp, line 1615]
Event: 5.418 Thread 0x000000001b702000 Exception <a 'java/lang/NoSuchMethodError': <clinit>> (0x00000000d85396a0) thrown at [C:\src\AOSP-openjdk-git\hotspot\src\share\vm\prims\jni.cpp, line 1615]
Event: 5.432 Thread 0x000000001b702000 Exception <a 'java/lang/NoSuchMethodError': <clinit>> (0x00000000d854fa80) thrown at [C:\src\AOSP-openjdk-git\hotspot\src\share\vm\prims\jni.cpp, line 1615]
Event: 5.493 Thread 0x000000001b702000 Exception <a 'java/lang/NoSuchMethodError': <clinit>> (0x00000000d55a9ef0) thrown at [C:\src\AOSP-openjdk-git\hotspot\src\share\vm\prims\jni.cpp, line 1615]
Event: 5.532 Thread 0x000000001b702000 Exception <a 'java/lang/NoSuchMethodError': <clinit>> (0x00000000d5626658) thrown at [C:\src\AOSP-openjdk-git\hotspot\src\share\vm\prims\jni.cpp, line 1615]
Event: 5.556 Thread 0x000000001b702000 Exception <a 'java/lang/NoSuchMethodError': <clinit>> (0x00000000d5653878) thrown at [C:\src\AOSP-openjdk-git\hotspot\src\share\vm\prims\jni.cpp, line 1615]
Event: 5.566 Thread 0x000000001b702000 Exception <a 'java/lang/NoSuchMethodError': <clinit>> (0x00000000d565e900) thrown at [C:\src\AOSP-openjdk-git\hotspot\src\share\vm\prims\jni.cpp, line 1615]

Events (10 events):
Event: 7.168 loading class org/apache/tools/ant/types/resources/Touchable
Event: 7.168 loading class org/apache/tools/ant/types/resources/Touchable done
Event: 7.168 loading class org/apache/tools/ant/types/resources/FileProvider
Event: 7.168 loading class org/apache/tools/ant/types/resources/FileProvider done
Event: 7.168 loading class org/apache/tools/ant/types/resources/Appendable
Event: 7.168 loading class org/apache/tools/ant/types/resources/Appendable done
Event: 7.170 loading class org/apache/tools/ant/BuildException
Event: 7.170 loading class org/apache/tools/ant/BuildException done
Event: 7.170 loading class org/apache/tools/ant/util/VectorSet
Event: 7.170 loading class org/apache/tools/ant/util/VectorSet done


Dynamic libraries:
0x00007ff6803c0000 - 0x00007ff6803f1000 	F:\Program Files\Android\Android Studio\jre\bin\java.exe
0x00007ff8dd880000 - 0x00007ff8dda70000 	C:\Windows\SYSTEM32\ntdll.dll
0x00007ff8dd780000 - 0x00007ff8dd832000 	C:\Windows\System32\KERNEL32.DLL
0x00007ff8da8c0000 - 0x00007ff8dab64000 	C:\Windows\System32\KERNELBASE.dll
0x00007ff8dc440000 - 0x00007ff8dc4e3000 	C:\Windows\System32\ADVAPI32.dll
0x00007ff8dd460000 - 0x00007ff8dd4fe000 	C:\Windows\System32\msvcrt.dll
0x00007ff8dd2f0000 - 0x00007ff8dd387000 	C:\Windows\System32\sechost.dll
0x00007ff8dc560000 - 0x00007ff8dc680000 	C:\Windows\System32\RPCRT4.dll
0x00007ff8db930000 - 0x00007ff8dbac4000 	C:\Windows\System32\USER32.dll
0x00007ff8db440000 - 0x00007ff8db461000 	C:\Windows\System32\win32u.dll
0x00007ff8dc890000 - 0x00007ff8dc8b6000 	C:\Windows\System32\GDI32.dll
0x00007ff8db790000 - 0x00007ff8db925000 	C:\Windows\System32\gdi32full.dll
0x00007ff8db2f0000 - 0x00007ff8db38e000 	C:\Windows\System32\msvcp_win.dll
0x00007ff8db690000 - 0x00007ff8db78a000 	C:\Windows\System32\ucrtbase.dll
0x00007ff8d0300000 - 0x00007ff8d0584000 	C:\Windows\WinSxS\amd64_microsoft.windows.common-controls_6595b64144ccf1df_6.0.18362.900_none_e6beb9d913147d17\COMCTL32.dll
0x00007ff8dcb40000 - 0x00007ff8dce75000 	C:\Windows\System32\combase.dll
0x00007ff8db3c0000 - 0x00007ff8db440000 	C:\Windows\System32\bcryptPrimitives.dll
0x00007ff8dca80000 - 0x00007ff8dcaae000 	C:\Windows\System32\IMM32.DLL
0x000000006aed0000 - 0x000000006afa2000 	F:\Program Files\Android\Android Studio\jre\jre\bin\msvcr100.dll
0x000000006b9e0000 - 0x000000006c22b000 	F:\Program Files\Android\Android Studio\jre\jre\bin\server\jvm.dll
0x00007ff8dbb30000 - 0x00007ff8dbb38000 	C:\Windows\System32\PSAPI.DLL
0x00007ff8ca3b0000 - 0x00007ff8ca3b9000 	C:\Windows\SYSTEM32\WSOCK32.dll
0x00007ff8dc4f0000 - 0x00007ff8dc55f000 	C:\Windows\System32\WS2_32.dll
0x00007ff8d85f0000 - 0x00007ff8d8614000 	C:\Windows\SYSTEM32\WINMM.dll
0x00007ff8d3b80000 - 0x00007ff8d3b8a000 	C:\Windows\SYSTEM32\VERSION.dll
0x00007ff8d84e0000 - 0x00007ff8d850d000 	C:\Windows\SYSTEM32\WINMMBASE.dll
0x00007ff8db640000 - 0x00007ff8db68a000 	C:\Windows\System32\cfgmgr32.dll
0x00007ff8d6f60000 - 0x00007ff8d6f6f000 	F:\Program Files\Android\Android Studio\jre\jre\bin\verify.dll
0x00007ff8c4c60000 - 0x00007ff8c4c89000 	F:\Program Files\Android\Android Studio\jre\jre\bin\java.dll
0x00007ff8d42b0000 - 0x00007ff8d42c6000 	F:\Program Files\Android\Android Studio\jre\jre\bin\zip.dll
0x00007ff8dbc10000 - 0x00007ff8dc2f6000 	C:\Windows\System32\SHELL32.dll
0x00007ff8dc680000 - 0x00007ff8dc729000 	C:\Windows\System32\shcore.dll
0x00007ff8dab70000 - 0x00007ff8db2f0000 	C:\Windows\System32\windows.storage.dll
0x00007ff8da7a0000 - 0x00007ff8da7c3000 	C:\Windows\System32\profapi.dll
0x00007ff8da750000 - 0x00007ff8da79a000 	C:\Windows\System32\powrprof.dll
0x00007ff8da740000 - 0x00007ff8da750000 	C:\Windows\System32\UMPDC.dll
0x00007ff8dc950000 - 0x00007ff8dc9a2000 	C:\Windows\System32\shlwapi.dll
0x00007ff8da7d0000 - 0x00007ff8da7e1000 	C:\Windows\System32\kernel.appcore.dll
0x00007ff8db5c0000 - 0x00007ff8db5d7000 	C:\Windows\System32\cryptsp.dll
0x00007ff8d4250000 - 0x00007ff8d426a000 	F:\Program Files\Android\Android Studio\jre\jre\bin\net.dll
0x00007ff8d9fb0000 - 0x00007ff8da017000 	C:\Windows\system32\mswsock.dll
0x00007ff8c4c40000 - 0x00007ff8c4c53000 	F:\Program Files\Android\Android Studio\jre\jre\bin\nio.dll
0x00007ff89ed20000 - 0x00007ff89ed46000 	C:\Users\chico\.gradle\native\31\windows-amd64\native-platform.dll
0x00007ff8d6f50000 - 0x00007ff8d6f5d000 	F:\Program Files\Android\Android Studio\jre\jre\bin\management.dll
0x00007ff8d9b20000 - 0x00007ff8d9b53000 	C:\Windows\system32\rsaenh.dll
0x00007ff8db390000 - 0x00007ff8db3b6000 	C:\Windows\System32\bcrypt.dll
0x00007ff8da660000 - 0x00007ff8da685000 	C:\Windows\SYSTEM32\USERENV.dll
0x00007ff8da180000 - 0x00007ff8da18c000 	C:\Windows\SYSTEM32\CRYPTBASE.dll
0x00007ff8d9cc0000 - 0x00007ff8d9cfa000 	C:\Windows\SYSTEM32\IPHLPAPI.DLL
0x00007ff8dc8c0000 - 0x00007ff8dc8c8000 	C:\Windows\System32\NSI.dll
0x00007ff8d3660000 - 0x00007ff8d3676000 	C:\Windows\SYSTEM32\dhcpcsvc6.DLL
0x00007ff8d3640000 - 0x00007ff8d365c000 	C:\Windows\SYSTEM32\dhcpcsvc.DLL
0x00007ff8d9d00000 - 0x00007ff8d9dcb000 	C:\Windows\SYSTEM32\DNSAPI.dll

VM Arguments:
jvm_args: -Xmx2048m -Dfile.encoding=windows-1252 -Duser.country=US -Duser.language=en -Duser.variant 
java_command: org.gradle.launcher.daemon.bootstrap.GradleDaemon 6.1.1
java_class_path (initial): C:\Users\chico\.gradle\wrapper\dists\gradle-6.1.1-all\cfmwm155h49vnt3hynmlrsdst\gradle-6.1.1\lib\gradle-launcher-6.1.1.jar
Launcher Type: SUN_STANDARD

Environment Variables:
PATH=C:\Program Files\NVIDIA GPU Computing Toolkit\CUDA\v11.0\bin;C:\Program Files\NVIDIA GPU Computing Toolkit\CUDA\v11.0\libnvvp;C:\Program Files (x86)\Common Files\Oracle\Java\javapath;C:\Windows\system32;C:\Windows;C:\Windows\System32\Wbem;C:\Windows\System32\WindowsPowerShell\v1.0\;C:\Windows\System32\OpenSSH\;C:\Program Files\NVIDIA Corporation\NVIDIA NvDLISR;C:\Program Files\dotnet\;F:\Program Files\nodejs\;C:\Program Files\NVIDIA Corporation\Nsight Compute 2020.1.0\;C:\Program Files (x86)\NVIDIA Corporation\PhysX\Common;F:\Program Files\Git\cmd;C:\ProgramData\chocolatey\bin;C:\Users\chico\AppData\Local\Microsoft\WindowsApps;F:\Program Files\Microsoft VS Code\bin;C:\Users\chico\AppData\Roaming\npm;flutter\bin;F:\Android\flutter_windows_1.20.1-stable\flutter\bin;C:\tools\neovim\Neovim\bin;C:\Users\chico\AppData\Local\nvim-data\site\autoload;
USERNAME=chico
OS=Windows_NT
PROCESSOR_IDENTIFIER=Intel64 Family 6 Model 60 Stepping 3, GenuineIntel



---------------  S Y S T E M  ---------------

OS: Windows 10.0 , 64 bit Build 18362 (10.0.18362.900)

CPU:total 4 (initial active 4) (4 cores per cpu, 1 threads per core) family 6 model 60 stepping 3, cmov, cx8, fxsr, mmx, sse, sse2, sse3, ssse3, sse4.1, sse4.2, popcnt, avx, avx2, aes, clmul, erms, lzcnt, tsc, tscinvbit, bmi1, bmi2

Memory: 4k page, physical 12451732k(3577456k free), swap 13500308k(1948k free)

vm_info: OpenJDK 64-Bit Server VM (25.242-b01) for windows-amd64 JRE (1.8.0_242-release-1644-b01), built by "builder" with MS VC++ 10.0 (VS2010)

time: Tue Sep 22 06:35:03 2020
timezone: Central Daylight Time (Mexico)
elapsed time: 7 seconds (0d 0h 0m 7s)

